<?xml version="1.0" encoding="UTF-8"?>
<testsuite name="pl.springwebmvc.infrastucture.database.EmployeeRepositoryDataJpaTest" tests="1" skipped="0" failures="0" errors="0" timestamp="2023-06-17T20:45:14" hostname="DORSZYKP" time="0.738">
  <properties/>
  <testcase name="thatEmployeeCanBeSavedCorrectly()" classname="pl.springwebmvc.infrastucture.database.EmployeeRepositoryDataJpaTest" time="0.738"/>
  <system-out><![CDATA[22:45:10.610 [Test worker] INFO org.springframework.test.context.support.AnnotationConfigContextLoaderUtils -- Could not detect default configuration classes for test class [pl.springwebmvc.infrastucture.database.EmployeeRepositoryDataJpaTest]: EmployeeRepositoryDataJpaTest does not declare any static, non-private, non-final, nested classes annotated with @Configuration.
22:45:10.760 [Test worker] INFO org.springframework.boot.test.context.SpringBootTestContextBootstrapper -- Found @SpringBootConfiguration pl.springwebmvc.DemoApplication for test class pl.springwebmvc.infrastucture.database.EmployeeRepositoryDataJpaTest
22:45:10,460 |-INFO in ch.qos.logback.classic.LoggerContext[default] - This is logback-classic version 1.4.7
22:45:10,482 |-INFO in ch.qos.logback.classic.LoggerContext[default] - Could NOT find resource [logback-test.xml]
22:45:10,482 |-INFO in ch.qos.logback.classic.LoggerContext[default] - Could NOT find resource [logback.xml]
22:45:10,484 |-INFO in ch.qos.logback.classic.BasicConfigurator@4a8df3e2 - Setting up default configuration.
22:45:11,236 |-WARN in ch.qos.logback.core.model.processor.AppenderModelHandler - Appender named [CONSOLE] not referenced. Skipping further processing.
22:45:11,236 |-INFO in ch.qos.logback.core.model.processor.DefaultProcessor@3d98d138 - End of configuration.
22:45:11,236 |-INFO in org.springframework.boot.logging.logback.SpringBootJoranConfigurator@2f2d52ef - Registering current configuration as safe fallback point


  .   ____          _            __ _ _
 /\\ / ___'_ __ _ _(_)_ __  __ _ \ \ \ \
( ( )\___ | '_ | '_| | '_ \/ _` | \ \ \ \
 \\/  ___)| |_)| | | | | || (_| |  ) ) ) )
  '  |____| .__|_| |_|_| |_\__, | / / / /
 =========|_|==============|___/=/_/_/_/
 :: Spring Boot ::                (v3.1.0)

Hibernate: insert into employee (email,name,phone,salary,surname) values (?,?,?,?,?)
Hibernate: insert into employee (email,name,phone,salary,surname) values (?,?,?,?,?)
Hibernate: insert into employee (email,name,phone,salary,surname) values (?,?,?,?,?)
Hibernate: select e1_0.employee_id,e1_0.email,e1_0.name,e1_0.phone,e1_0.salary,e1_0.surname from employee e1_0
]]></system-out>
  <system-err><![CDATA[]]></system-err>
</testsuite>
