<?xml version="1.0" encoding="UTF-8"?>
<testsuite name="pl.springwebmvc.integration.EmployeesControllerIT" tests="3" skipped="0" failures="0" errors="0" timestamp="2025-09-08T20:39:04" hostname="DORSZYK" time="1.351">
  <properties/>
  <testcase name="applicationWorksCorrectly()" classname="pl.springwebmvc.integration.EmployeesControllerIT" time="1.212"/>
  <testcase name="addEmployee_thenEmployeeIsVisibleOnList()" classname="pl.springwebmvc.integration.EmployeesControllerIT" time="0.101"/>
  <testcase name="showEmployeeDetails_displaysEmployeeInfo()" classname="pl.springwebmvc.integration.EmployeesControllerIT" time="0.035"/>
  <system-out><![CDATA[
  .   ____          _            __ _ _
 /\\ / ___'_ __ _ _(_)_ __  __ _ \ \ \ \
( ( )\___ | '_ | '_| | '_ \/ _` | \ \ \ \
 \\/  ___)| |_)| | | | | || (_| |  ) ) ) )
  '  |____| .__|_| |_|_| |_\__, | / / / /
 =========|_|==============|___/=/_/_/_/
 :: Spring Boot ::                (v3.1.0)

INFO  o.s.s.web.DefaultSecurityFilterChain - Will secure any request with [org.springframework.security.web.session.DisableEncodeUrlFilter@23df16cf, org.springframework.security.web.context.request.async.WebAsyncManagerIntegrationFilter@3d980928, org.springframework.security.web.context.SecurityContextHolderFilter@44f433db, org.springframework.security.web.header.HeaderWriterFilter@41f05f1, org.springframework.security.web.authentication.logout.LogoutFilter@59aa646e, org.springframework.security.web.savedrequest.RequestCacheAwareFilter@5aeaee3, org.springframework.security.web.servletapi.SecurityContextHolderAwareRequestFilter@53a20aab, org.springframework.security.web.authentication.AnonymousAuthenticationFilter@7e8e111d, org.springframework.security.web.access.ExceptionTranslationFilter@95f61c2, org.springframework.security.web.access.intercept.AuthorizationFilter@674f22ce]
INFO  o.s.s.web.DefaultSecurityFilterChain - Will secure any request with [org.springframework.security.web.session.DisableEncodeUrlFilter@5bd11ad6, org.springframework.security.web.context.request.async.WebAsyncManagerIntegrationFilter@5ffaac1f, org.springframework.security.web.context.SecurityContextHolderFilter@74fbee59, org.springframework.security.web.header.HeaderWriterFilter@4e6c4c55, org.springframework.security.web.csrf.CsrfFilter@1f9b86f5, org.springframework.security.web.authentication.logout.LogoutFilter@747e0a31, org.springframework.security.web.savedrequest.RequestCacheAwareFilter@3794621d, org.springframework.security.web.servletapi.SecurityContextHolderAwareRequestFilter@737e4a7b, org.springframework.security.web.authentication.AnonymousAuthenticationFilter@4f55da9b, org.springframework.security.web.access.ExceptionTranslationFilter@15aa3084, org.springframework.security.web.access.intercept.AuthorizationFilter@6142b9dd]
WARN  o.s.s.c.a.web.builders.WebSecurity - 

********************************************************************
**********        Security debugging is enabled.       *************
**********    This may include sensitive information.  *************
**********      Do not use in a production system!     *************
********************************************************************


]]></system-out>
  <system-err><![CDATA[]]></system-err>
</testsuite>
