<?xml version="1.0" encoding="UTF-8"?>
<testsuite name="pl.springwebmvc.controller.EmployeesControllerWebMvcTest" tests="22" skipped="0" failures="0" errors="0" timestamp="2023-06-17T20:51:23" hostname="DORSZYKP" time="0.835">
  <properties/>
  <testcase name="[1] correctPhone=false, phone=" classname="pl.springwebmvc.controller.EmployeesControllerWebMvcTest" time="0.662"/>
  <testcase name="[2] correctPhone=false, phone=+48 504 203 260@@" classname="pl.springwebmvc.controller.EmployeesControllerWebMvcTest" time="0.007"/>
  <testcase name="[3] correctPhone=false, phone=+48.504.203.260" classname="pl.springwebmvc.controller.EmployeesControllerWebMvcTest" time="0.005"/>
  <testcase name="[4] correctPhone=false, phone=+55(123) 456-78-90-" classname="pl.springwebmvc.controller.EmployeesControllerWebMvcTest" time="0.005"/>
  <testcase name="[5] correctPhone=false, phone=+55(123) - 456-78-90" classname="pl.springwebmvc.controller.EmployeesControllerWebMvcTest" time="0.005"/>
  <testcase name="[6] correctPhone=false, phone=504.203.260" classname="pl.springwebmvc.controller.EmployeesControllerWebMvcTest" time="0.004"/>
  <testcase name="[7] correctPhone=false, phone= " classname="pl.springwebmvc.controller.EmployeesControllerWebMvcTest" time="0.005"/>
  <testcase name="[8] correctPhone=false, phone=-" classname="pl.springwebmvc.controller.EmployeesControllerWebMvcTest" time="0.004"/>
  <testcase name="[9] correctPhone=false, phone=()" classname="pl.springwebmvc.controller.EmployeesControllerWebMvcTest" time="0.005"/>
  <testcase name="[10] correctPhone=false, phone=() + ()" classname="pl.springwebmvc.controller.EmployeesControllerWebMvcTest" time="0.004"/>
  <testcase name="[11] correctPhone=false, phone=(21 7777" classname="pl.springwebmvc.controller.EmployeesControllerWebMvcTest" time="0.004"/>
  <testcase name="[12] correctPhone=false, phone=+48 (21)" classname="pl.springwebmvc.controller.EmployeesControllerWebMvcTest" time="0.004"/>
  <testcase name="[13] correctPhone=false, phone=+" classname="pl.springwebmvc.controller.EmployeesControllerWebMvcTest" time="0.006"/>
  <testcase name="[14] correctPhone=false, phone= 1" classname="pl.springwebmvc.controller.EmployeesControllerWebMvcTest" time="0.005"/>
  <testcase name="[15] correctPhone=false, phone=1" classname="pl.springwebmvc.controller.EmployeesControllerWebMvcTest" time="0.005"/>
  <testcase name="[16] correctPhone=false, phone=555-5555-555" classname="pl.springwebmvc.controller.EmployeesControllerWebMvcTest" time="0.006"/>
  <testcase name="[17] correctPhone=false, phone=+48 (12) 504 203 260" classname="pl.springwebmvc.controller.EmployeesControllerWebMvcTest" time="0.004"/>
  <testcase name="[18] correctPhone=false, phone=+48 (12) 504-203-260" classname="pl.springwebmvc.controller.EmployeesControllerWebMvcTest" time="0.004"/>
  <testcase name="[19] correctPhone=false, phone=+48(12)504203260" classname="pl.springwebmvc.controller.EmployeesControllerWebMvcTest" time="0.004"/>
  <testcase name="[20] correctPhone=false, phone=+4812504203260" classname="pl.springwebmvc.controller.EmployeesControllerWebMvcTest" time="0.005"/>
  <testcase name="[21] correctPhone=false, phone=481250420326ts" classname="pl.springwebmvc.controller.EmployeesControllerWebMvcTest" time="0.007"/>
  <testcase name="[22] correctPhone=true, phone=+48 504 203 260" classname="pl.springwebmvc.controller.EmployeesControllerWebMvcTest" time="0.029"/>
  <system-out><![CDATA[22:51:20.395 [Test worker] INFO org.springframework.test.context.support.AnnotationConfigContextLoaderUtils -- Could not detect default configuration classes for test class [pl.springwebmvc.controller.EmployeesControllerWebMvcTest]: EmployeesControllerWebMvcTest does not declare any static, non-private, non-final, nested classes annotated with @Configuration.
22:51:20.584 [Test worker] INFO org.springframework.boot.test.context.SpringBootTestContextBootstrapper -- Found @SpringBootConfiguration pl.springwebmvc.DemoApplication for test class pl.springwebmvc.controller.EmployeesControllerWebMvcTest
22:51:20,241 |-INFO in ch.qos.logback.classic.LoggerContext[default] - This is logback-classic version 1.4.7
22:51:20,260 |-INFO in ch.qos.logback.classic.LoggerContext[default] - Could NOT find resource [logback-test.xml]
22:51:20,260 |-INFO in ch.qos.logback.classic.LoggerContext[default] - Could NOT find resource [logback.xml]
22:51:20,262 |-INFO in ch.qos.logback.classic.BasicConfigurator@4f966719 - Setting up default configuration.
22:51:21,090 |-WARN in ch.qos.logback.core.model.processor.AppenderModelHandler - Appender named [CONSOLE] not referenced. Skipping further processing.
22:51:21,090 |-INFO in ch.qos.logback.core.model.processor.DefaultProcessor@18ac53e8 - End of configuration.
22:51:21,090 |-INFO in org.springframework.boot.logging.logback.SpringBootJoranConfigurator@4ca8dbfa - Registering current configuration as safe fallback point


  .   ____          _            __ _ _
 /\\ / ___'_ __ _ _(_)_ __  __ _ \ \ \ \
( ( )\___ | '_ | '_| | '_ \/ _` | \ \ \ \
 \\/  ___)| |_)| | | | | || (_| |  ) ) ) )
  '  |____| .__|_| |_|_| |_\__, | / / / /
 =========|_|==============|___/=/_/_/_/
 :: Spring Boot ::                (v3.1.0)

]]></system-out>
  <system-err><![CDATA[]]></system-err>
</testsuite>
